INFO Selected: Output dir: ./
INFO Selected: Query file: Mamiello18S.einsi.trimal.V4.fasta
INFO Selected: Tree file: ML/mamiello.ML.treefile
INFO Selected: Reference MSA: alignment.einsi.trimal_Mamiello.fasta
INFO Selected: Automatic switching of use of per rate scalers
INFO Selected: Preserving the root of the input tree
INFO Selected: Specified model: TN93+F+I+G4
INFO     ______ ____   ___           _   __ ______
        / ____// __ \ /   |         / | / // ____/
       / __/  / /_/ // /| | ______ /  |/ // / __  
      / /___ / ____// ___ |/_____// /|  // /_/ /  
     /_____//_/    /_/  |_|      /_/ |_/ \____/ (v0.3.8)
INFO Using model parameters:
INFO    Rate heterogeneity: GAMMA (4 cats, mean),  alpha: 1 (ML),  weights&rates: (0.25,0.136954) (0.25,0.476752) (0.25,1) (0.25,2.38629) 
        P-inv (ML): 0
        Base frequencies (empirical): 0.240591 0.178594 0.281527 0.299289 
        Substitution rates (ML): 0.5 0.5 0.5 0.5 0.5 1
INFO Output file: ./epa_result.jplace
INFO 53 Sequences done!
INFO Time spent placing: 0s
INFO Elapsed Time: 0s
