IQ-TREE multicore version 2.0.3 for Linux 64-bit built Apr 26 2020
Developed by Bui Quang Minh, Nguyen Lam Tung, Olga Chernomor,
Heiko Schmidt, Dominik Schrempf, Michael Woodhams.

Host:    r1i4n14 (AVX2, FMA3, 125 GB RAM)
Command: iqtree -s alignment.einsi.trimal_Mamiello.fasta -m MFP -alrt 1000 -T AUTO -ntmax 20
Seed:    500425 (Using SPRNG - Scalable Parallel Random Number Generator)
Time:    Sat May 29 13:35:41 2021
Kernel:  AVX+FMA - auto-detect threads (20 CPU cores detected)

Reading alignment file alignment.einsi.trimal_Mamiello.fasta ... Fasta format detected
Alignment most likely contains DNA/RNA sequences
Alignment has 52 sequences with 1690 columns, 456 distinct patterns
292 parsimony-informative, 135 singleton sites, 1263 constant sites
                               Gap/Ambiguity  Composition  p-value
   1  AY954997                         0.00%    passed     98.09%
   2  AY955006                         0.00%    passed     98.47%
   3  AY955002                         0.00%    passed     98.09%
   4  AY955011                         0.00%    passed     98.09%
   5  AY955008                         0.00%    passed     97.53%
   6  AY954993                         0.00%    passed     98.73%
   7  AJ010408                         0.18%    passed     97.70%
   8  AY954994                         0.00%    passed     99.44%
   9  AY955003                         0.00%    passed     99.44%
  10  AB017128                         0.06%    passed     98.76%
  11  X73999                           0.00%    passed     99.97%
  12  JF698784                         5.44%    passed     98.96%
  13  JF698785                         5.50%    passed     95.49%
  14  AY954999                         0.12%    passed     90.88%
  15  JF794057                         5.92%    passed     90.41%
  16  FN562452                         0.12%    passed     91.57%
  17  AB017129                         0.00%    passed     98.69%
  18  FN562450                         0.00%    passed     99.07%
  19  AY425321                         0.36%    passed     99.64%
  20  GQ426335                         0.65%    passed     90.52%
  21  GQ426342                         0.65%    passed     90.52%
  22  KT860897                         4.79%    passed     98.62%
  23  KT860898                         4.44%    passed     98.84%
  24  MF322777                         2.19%    passed     96.13%
  25  AY425314                         0.18%    passed     73.52%
  26  FN562453                         0.12%    passed     71.96%
  27  AY425315                         0.12%    passed     71.96%
  28  AB771793.1                       2.60%    passed     97.83%
  29  AB771826                         4.38%    passed     87.08%
  30  AB721068                         2.25%    passed     95.35%
  31  AB771819                         2.72%    passed     99.48%
  32  MH023114                        77.75%    passed     25.28%
  33  AB771791                         2.54%    passed     98.96%
  34  MH022978                        77.63%    passed     31.20%
  35  AB183628                         0.36%    passed     99.93%
  36  AJ629844                         0.36%    passed     96.62%
  37  GU067811                        18.99%    passed     65.50%
  38  HM135069                         0.12%    passed     71.36%
  39  HM135073                         0.06%    passed     71.56%
  40  HM135072                         0.12%    passed     73.55%
  41  HM135071                         0.12%    passed     68.79%
  42  HM135075                         0.12%    passed     71.36%
  43  MH022947                        77.69%    passed     74.05%
  44  FN562445                         0.47%    passed     72.34%
  45  JN207870                        50.41%    passed     59.30%
  46  FN562447                         0.47%    passed     60.73%
  47  AB491653                         0.47%    passed     63.42%
  48  FN562446                         0.47%    passed     66.99%
  49  MH022933                        77.81%    passed     44.58%
  50  FN562449                         0.36%    passed     99.43%
  51  AF125167_Picocystis_salinarum    0.12%    passed     41.00%
  52  U40921_Coccoid_prasinophyte      0.59%    passed     70.91%
WARNING: 5 sequences contain more than 50% gaps/ambiguity
****  TOTAL                            8.27%  0 sequences failed composition chi2 test (p-value<5%; df=3)
NOTE: AY955011 is identical to AY955002 but kept for subsequent analysis
NOTE: AY955003 is identical to AY954994 but kept for subsequent analysis
NOTE: GQ426342 is identical to GQ426335 but kept for subsequent analysis


Create initial parsimony tree by phylogenetic likelihood library (PLL)... 0.002 seconds
Measuring multi-threading efficiency up to 20 CPU cores
Increase to 10 rounds for branch lengths
376 trees examined
Threads: 1 / Time: 20.029 sec / Speedup: 1.000 / Efficiency: 100% / LogL: -14428
Threads: 2 / Time: 13.837 sec / Speedup: 1.447 / Efficiency: 72% / LogL: -14428
Threads: 3 / Time: 10.189 sec / Speedup: 1.966 / Efficiency: 66% / LogL: -14428
Threads: 4 / Time: 10.386 sec / Speedup: 1.928 / Efficiency: 48% / LogL: -14428
BEST NUMBER OF THREADS: 3

Perform fast likelihood tree search using GTR+I+G model...
Estimate model parameters (epsilon = 5.000)
Perform nearest neighbor interchange...
Estimate model parameters (epsilon = 1.000)
1. Initial log-likelihood: -7830.969
Optimal log-likelihood: -7830.121
Rate parameters:  A-C: 0.83659  A-G: 1.87416  A-T: 0.75297  C-G: 1.10475  C-T: 4.57268  G-T: 1.00000
Base frequencies:  A: 0.258  C: 0.205  G: 0.269  T: 0.268
Proportion of invariable sites: 0.405
Gamma shape alpha: 0.348
Parameters optimization took 1 rounds (0.026 sec)
Time for fast ML tree search: 0.148 seconds

NOTE: ModelFinder requires 7 MB RAM!
ModelFinder will test up to 286 DNA models (sample size: 1690) ...
 No. Model         -LnL         df  AIC          AICc         BIC
  1  GTR+F         8517.569     109 17253.139    17268.316    17845.279
  2  GTR+F+I       7934.341     110 16088.681    16104.147    16686.255
  3  GTR+F+G4      7875.589     110 15971.178    15986.643    16568.751
  4  GTR+F+I+G4    7823.932     111 15869.865    15885.622    16472.871
  5  GTR+F+R2      7831.455     111 15884.910    15900.667    16487.916
  6  GTR+F+R3      7830.384     113 15886.767    15903.115    16500.638
 17  SYM+I+G4      7836.545     108 15889.090    15903.982    16475.799
 30  TVM+F+I+G4    7853.688     110 15927.375    15942.841    16524.949
 43  TVMe+I+G4     7856.926     107 15927.851    15942.461    16509.127
 56  TIM3+F+I+G4   7826.434     109 15870.868    15886.046    16463.009
 69  TIM3e+I+G4    7839.465     106 15890.931    15905.261    16466.774
 82  TIM2+F+I+G4   7823.900     109 15865.800    15880.977    16457.940
 95  TIM2e+I+G4    7837.387     106 15886.773    15901.103    16462.616
108  TIM+F+I+G4    7826.418     109 15870.836    15886.013    16462.977
121  TIMe+I+G4     7840.289     106 15892.578    15906.908    16468.421
134  TPM3u+F+I+G4  7855.970     108 15927.940    15942.832    16514.648
147  TPM3+F+I+G4   7855.970     108 15927.940    15942.832    16514.648
160  TPM2u+F+I+G4  7853.660     108 15923.319    15938.211    16510.028
173  TPM2+F+I+G4   7853.660     108 15923.319    15938.211    16510.028
186  K3Pu+F+I+G4   7856.060     108 15928.120    15943.012    16514.828
199  K3P+I+G4      7860.456     105 15930.913    15944.966    16501.324
212  TN+F+I+G4     7826.472     108 15868.945    15883.836    16455.653
225  TNe+I+G4      7840.387     105 15890.774    15904.827    16461.185
238  HKY+F+I+G4    7856.043     107 15926.086    15940.696    16507.362
251  K2P+I+G4      7860.538     104 15929.076    15942.855    16494.054
264  F81+F+I+G4    8005.357     106 16222.715    16237.044    16798.558
277  JC+I+G4       8006.622     103 16219.243    16232.752    16778.789
Akaike Information Criterion:           TIM2+F+I+G4
Corrected Akaike Information Criterion: TIM2+F+I+G4
Bayesian Information Criterion:         TN+F+I+G4
Best-fit model: TN+F+I+G4 chosen according to BIC

All model information printed to alignment.einsi.trimal_Mamiello.fasta.model.gz
CPU time for ModelFinder: 123.372 seconds (0h:2m:3s)
Wall-clock time for ModelFinder: 56.072 seconds (0h:0m:56s)

NOTE: 3 MB RAM (0 GB) is required!
Estimate model parameters (epsilon = 0.100)
Thoroughly optimizing +I+G parameters from 10 start values...
Init pinv, alpha: 0.000, 0.516 / Estimate: 0.000, 0.180 / LogL: -7880.388
Init pinv, alpha: 0.083, 0.516 / Estimate: 0.525, 0.492 / LogL: -7826.709
Init pinv, alpha: 0.166, 0.516 / Estimate: 0.524, 0.490 / LogL: -7826.740
Init pinv, alpha: 0.249, 0.516 / Estimate: 0.523, 0.488 / LogL: -7826.770
Init pinv, alpha: 0.332, 0.516 / Estimate: 0.526, 0.494 / LogL: -7826.690
Init pinv, alpha: 0.415, 0.516 / Estimate: 0.525, 0.492 / LogL: -7826.721
Init pinv, alpha: 0.498, 0.516 / Estimate: 0.525, 0.492 / LogL: -7826.728
Init pinv, alpha: 0.581, 0.516 / Estimate: 0.575, 0.606 / LogL: -7826.421
Init pinv, alpha: 0.664, 0.516 / Estimate: 0.583, 0.629 / LogL: -7826.583
Init pinv, alpha: 0.747, 0.516 / Estimate: 0.584, 0.630 / LogL: -7826.608
Optimal pinv,alpha: 0.575, 0.606 / LogL: -7826.421

Parameters optimization took 1.818 sec
Computing ML distances based on estimated model parameters... 0.056 sec
Computing BIONJ tree...
0.012 seconds
Log-likelihood of BIONJ tree: -7841.710
--------------------------------------------------------------------
|             INITIALIZING CANDIDATE TREE SET                      |
--------------------------------------------------------------------
Generating 98 parsimony trees... 0.492 second
Computing log-likelihood of 98 initial trees ... 0.336 seconds
Current best score: -7826.421

Do NNI search on 20 best initial trees
Estimate model parameters (epsilon = 0.100)
BETTER TREE FOUND at iteration 1: -7826.393
BETTER TREE FOUND at iteration 2: -7826.390
BETTER TREE FOUND at iteration 3: -7826.390
Iteration 10 / LogL: -7826.390 / Time: 0h:0m:3s
Iteration 20 / LogL: -7826.393 / Time: 0h:0m:3s
Finish initializing candidate tree set (15)
Current best tree score: -7826.390 / CPU time: 1.677
Number of iterations: 20
--------------------------------------------------------------------
|               OPTIMIZING CANDIDATE TREE SET                      |
--------------------------------------------------------------------
Iteration 30 / LogL: -7826.400 / Time: 0h:0m:4s (0h:0m:11s left)
Iteration 40 / LogL: -7826.394 / Time: 0h:0m:5s (0h:0m:8s left)
Iteration 50 / LogL: -7829.013 / Time: 0h:0m:6s (0h:0m:6s left)
Iteration 60 / LogL: -7826.396 / Time: 0h:0m:6s (0h:0m:5s left)
Iteration 70 / LogL: -7826.392 / Time: 0h:0m:7s (0h:0m:3s left)
Iteration 80 / LogL: -7826.391 / Time: 0h:0m:8s (0h:0m:2s left)
Iteration 90 / LogL: -7826.398 / Time: 0h:0m:9s (0h:0m:1s left)
Iteration 100 / LogL: -7826.391 / Time: 0h:0m:10s (0h:0m:0s left)
TREE SEARCH COMPLETED AFTER 104 ITERATIONS / Time: 0h:0m:10s

--------------------------------------------------------------------
|                    FINALIZING TREE SEARCH                        |
--------------------------------------------------------------------
Performs final model parameters optimization
Estimate model parameters (epsilon = 0.010)
1. Initial log-likelihood: -7826.390
2. Current log-likelihood: -7826.369
3. Current log-likelihood: -7826.354
4. Current log-likelihood: -7826.342
Optimal log-likelihood: -7826.331
Rate parameters:  A-C: 1.00000  A-G: 2.04471  A-T: 1.00000  C-G: 1.00000  C-T: 4.88184  G-T: 1.00000
Base frequencies:  A: 0.258  C: 0.205  G: 0.269  T: 0.268
Proportion of invariable sites: 0.568
Gamma shape alpha: 0.585
Parameters optimization took 4 rounds (0.032 sec)
BEST SCORE FOUND : -7826.331

Testing tree branches by SH-like aLRT with 1000 replicates...
0.528 sec.
Total tree length: 0.881

Total number of iterations: 104
CPU time used for tree search: 24.524 sec (0h:0m:24s)
Wall-clock time used for tree search: 8.595 sec (0h:0m:8s)
Total CPU time used: 31.772 sec (0h:0m:31s)
Total wall-clock time used: 11.037 sec (0h:0m:11s)

Analysis results written to: 
  IQ-TREE report:                alignment.einsi.trimal_Mamiello.fasta.iqtree
  Maximum-likelihood tree:       alignment.einsi.trimal_Mamiello.fasta.treefile
  Likelihood distances:          alignment.einsi.trimal_Mamiello.fasta.mldist
  Screen log file:               alignment.einsi.trimal_Mamiello.fasta.log

Date and Time: Sat May 29 13:36:48 2021
