INFO Selected: Output dir: ./
INFO Selected: Query file: Pedino18S.einsi.trimal.V4.fasta
INFO Selected: Tree file: Pedinophyceae.ML.treefile
INFO Selected: Reference MSA: alignment.einsi.trimal_Pedinophyceae.fasta
INFO Selected: Automatic switching of use of per rate scalers
INFO Selected: Preserving the root of the input tree
INFO Selected: Specified model: TN93+F+r4
INFO     ______ ____   ___           _   __ ______
        / ____// __ \ /   |         / | / // ____/
       / __/  / /_/ // /| | ______ /  |/ // / __  
      / /___ / ____// ___ |/_____// /|  // /_/ /  
     /_____//_/    /_/  |_|      /_/ |_/ \____/ (v0.3.8)
INFO Using model parameters:
INFO    Rate heterogeneity: FREE (4 cats, mean),  weights&rates: (0.25,0.136954) (0.25,0.476752) (0.25,1) (0.25,2.38629) 
        Base frequencies (empirical): 0.232775 0.186785 0.290433 0.290007 
        Substitution rates (ML): 0.5 0.5 0.5 0.5 0.5 1
INFO Output file: ./epa_result.jplace
INFO 27 Sequences done!
INFO Time spent placing: 0s
INFO Elapsed Time: 0s
