INFO Selected: Output dir: ./
INFO Selected: Query file: Perkinsea_ASVs_alignment.fasta
INFO Selected: Tree file: ../Perkinsea18S.einsi.trimal.fasta.treefile
INFO Selected: Reference MSA: ../Perkinsea18S.einsi.trimal.fasta
INFO Selected: Automatic switching of use of per rate scalers
INFO Selected: Preserving the root of the input tree
INFO Selected: Specified model: GTR+F+r5
INFO     ______ ____   ___           _   __ ______
        / ____// __ \ /   |         / | / // ____/
       / __/  / /_/ // /| | ______ /  |/ // / __  
      / /___ / ____// ___ |/_____// /|  // /_/ /  
     /_____//_/    /_/  |_|      /_/ |_/ \____/ (v0.3.8)
INFO Using model parameters:
INFO    Rate heterogeneity: FREE (5 cats, mean),  weights&rates: (0.2,0.107426) (0.2,0.360097) (0.2,0.699895) (0.2,1.22314) (0.2,2.60944) 
        Base frequencies (empirical): 0.26365 0.168315 0.252 0.316035 
        Substitution rates (ML): 0.5 0.5 0.5 0.5 0.5 1
INFO Output file: ./epa_result.jplace
INFO 153 Sequences done!
INFO Time spent placing: 0s
INFO Elapsed Time: 0s
